<?xml version="1.0" encoding="UTF-8"?>
<robot generator="Robot 4.0.3 (Python 3.9.6 on win32)" generated="20210710 18:31:53.916" rpa="false" schemaversion="2">
<suite id="s1" name="Radio" source="c:\qaninja\twp\tests\radio.robot">
<test id="s1-t1" name="Deve selecionar a opção Python">
<kw name="Open Session" library="base" type="SETUP">
<kw name="Set Appium Timeout" library="AppiumLibrary">
<arg>5</arg>
<doc>Sets the timeout in seconds used by various keywords.</doc>
<status status="PASS" starttime="20210710 18:31:54.138" endtime="20210710 18:31:54.138"/>
</kw>
<kw name="Open Application" library="AppiumLibrary">
<arg>http://localhost:4723/wd/hub</arg>
<arg>automationName=UiAutomator2</arg>
<arg>platformName=Android</arg>
<arg>deviceName=Emulator</arg>
<arg>app=${EXECDIR}/app/twp.apk</arg>
<arg>udid=emulator-5554</arg>
<doc>Opens a new application to given Appium server.
Capabilities of appium server, Android and iOS,
Please check https://github.com/appium/appium/blob/master/docs/en/writing-running-appium/server-args.md
| *Option*            | *Man.* | *Description*     |
| remote_url          | Yes    | Appium server url |
| alias               | no     | alias             |</doc>
<status status="PASS" starttime="20210710 18:31:54.138" endtime="20210710 18:32:03.657"/>
</kw>
<kw name="Get Started" library="helpers">
<kw name="Wait Until Page Contains" library="AppiumLibrary">
<arg>${START}</arg>
<doc>Waits until `text` appears on current page.</doc>
<status status="PASS" starttime="20210710 18:32:03.658" endtime="20210710 18:32:07.885"/>
</kw>
<kw name="Click Text" library="AppiumLibrary">
<arg>${START}</arg>
<doc>Click text identified by ``text``.</doc>
<status status="PASS" starttime="20210710 18:32:07.885" endtime="20210710 18:32:08.037"/>
</kw>
<status status="PASS" starttime="20210710 18:32:03.657" endtime="20210710 18:32:08.037"/>
</kw>
<status status="PASS" starttime="20210710 18:31:54.138" endtime="20210710 18:32:08.037"/>
</kw>
<kw name="Go To Radio Buttons" library="helpers">
<kw name="Open Nav" library="helpers">
<kw name="Wait Until Element Is Visible" library="AppiumLibrary">
<arg>${HAMBURGUES}</arg>
<doc>Waits until element specified with `locator` is visible.</doc>
<status status="PASS" starttime="20210710 18:32:08.038" endtime="20210710 18:32:09.271"/>
</kw>
<kw name="Click Element" library="AppiumLibrary">
<arg>${HAMBURGUES}</arg>
<doc>Click element identified by `locator`.</doc>
<msg timestamp="20210710 18:32:09.272" level="INFO">Clicking element 'xpath=//android.widget.ImageButton[@content-desc="Open navigation drawer"]'.</msg>
<status status="PASS" starttime="20210710 18:32:09.271" endtime="20210710 18:32:09.338"/>
</kw>
<kw name="Wait Until Element Is Visible" library="AppiumLibrary">
<arg>${NAV_VIEW}</arg>
<doc>Waits until element specified with `locator` is visible.</doc>
<status status="PASS" starttime="20210710 18:32:09.338" endtime="20210710 18:32:10.351"/>
</kw>
<status status="PASS" starttime="20210710 18:32:08.038" endtime="20210710 18:32:10.352"/>
</kw>
<kw name="Click Text" library="AppiumLibrary">
<arg>INPUTS</arg>
<doc>Click text identified by ``text``.</doc>
<status status="PASS" starttime="20210710 18:32:10.352" endtime="20210710 18:32:10.448"/>
</kw>
<kw name="Wait Until Page Contains" library="AppiumLibrary">
<arg>INPUTS</arg>
<doc>Waits until `text` appears on current page.</doc>
<status status="PASS" starttime="20210710 18:32:10.448" endtime="20210710 18:32:11.016"/>
</kw>
<kw name="Click Text" library="AppiumLibrary">
<arg>BOTÕES DE RADIO</arg>
<doc>Click text identified by ``text``.</doc>
<status status="PASS" starttime="20210710 18:32:11.016" endtime="20210710 18:32:11.452"/>
</kw>
<kw name="Wait Until Page Contains" library="AppiumLibrary">
<arg>Escolha sua linguagem preferida</arg>
<doc>Waits until `text` appears on current page.</doc>
<status status="PASS" starttime="20210710 18:32:11.452" endtime="20210710 18:32:12.356"/>
</kw>
<status status="PASS" starttime="20210710 18:32:08.038" endtime="20210710 18:32:12.356"/>
</kw>
<kw name="Set Variable" library="BuiltIn">
<var>${element}</var>
<arg>xpath=//android.widget.RadioButton[contains(@text,'Python')]</arg>
<doc>Returns the given values which can then be assigned to a variables.</doc>
<msg timestamp="20210710 18:32:12.357" level="INFO">${element} = xpath=//android.widget.RadioButton[contains(@text,'Python')]</msg>
<status status="PASS" starttime="20210710 18:32:12.356" endtime="20210710 18:32:12.357"/>
</kw>
<kw name="Click Element" library="AppiumLibrary">
<arg>${element}</arg>
<doc>Click element identified by `locator`.</doc>
<msg timestamp="20210710 18:32:12.358" level="INFO">Clicking element 'xpath=//android.widget.RadioButton[contains(@text,'Python')]'.</msg>
<status status="PASS" starttime="20210710 18:32:12.357" endtime="20210710 18:32:12.422"/>
</kw>
<kw name="Wait Until Element Is Visible" library="AppiumLibrary">
<arg>${element}</arg>
<doc>Waits until element specified with `locator` is visible.</doc>
<status status="PASS" starttime="20210710 18:32:12.422" endtime="20210710 18:32:13.057"/>
</kw>
<kw name="Element Attribute Should Match" library="AppiumLibrary">
<arg>${element}</arg>
<arg>checked</arg>
<arg>true</arg>
<doc>Verify that an attribute of an element matches the expected criteria.</doc>
<msg timestamp="20210710 18:32:13.101" level="INFO">Element 'xpath=//android.widget.RadioButton[contains(@text,'Python')]' attribute 'checked' is 'true' </msg>
<status status="PASS" starttime="20210710 18:32:13.057" endtime="20210710 18:32:13.102"/>
</kw>
<kw name="Close Session" library="base" type="TEARDOWN">
<kw name="Close Application" library="AppiumLibrary">
<doc>Closes the current application and also close webdriver session.</doc>
<status status="PASS" starttime="20210710 18:32:13.102" endtime="20210710 18:32:13.773"/>
</kw>
<status status="PASS" starttime="20210710 18:32:13.102" endtime="20210710 18:32:13.773"/>
</kw>
<status status="PASS" starttime="20210710 18:31:54.137" endtime="20210710 18:32:13.774"/>
</test>
<status status="PASS" starttime="20210710 18:31:53.918" endtime="20210710 18:32:13.775"/>
</suite>
<statistics>
<total>
<stat pass="1" fail="0" skip="0">All Tests</stat>
</total>
<tag>
</tag>
<suite>
<stat pass="1" fail="0" skip="0" id="s1" name="Radio">Radio</stat>
</suite>
</statistics>
<errors>
</errors>
</robot>
